[00:00:59] [Server thread/INFO]: whitat has made the advancement [Sweet Dreams]
[00:07:25] [Server thread/INFO]: hunterblob drowned
[00:18:10] [Server thread/INFO]: Nomansland973 lost connection: Disconnected
[00:18:10] [Server thread/INFO]: Nomansland973 left the game
[00:25:59] [Server thread/INFO]: whitat lost connection: Disconnected
[00:25:59] [Server thread/INFO]: whitat left the game
[00:30:18] [Server thread/INFO]: buzz_leclair lost connection: Disconnected
[00:30:18] [Server thread/INFO]: buzz_leclair left the game
[00:30:39] [Server thread/INFO]: TanrimA has made the advancement [Suit Up]
[00:30:50] [Server thread/INFO]: com.mojang.authlib.GameProfile@1a7047d[id=<null>,name=buzz_leclair,properties={},legacy=false] (/176.131.238.10:52437) lost connection: Disconnected
[00:30:50] [Server thread/INFO]: TanrimA has made the advancement [Enchanter]
[00:32:41] [Server thread/INFO]: TanrimA lost connection: Disconnected
[00:32:41] [Server thread/INFO]: TanrimA left the game
[00:32:42] [Server thread/INFO]: hunterblob lost connection: Disconnected
[00:32:42] [Server thread/INFO]: hunterblob left the game
[00:32:53] [Server thread/INFO]: Stopping the server
[00:32:53] [Server thread/INFO]: Stopping server
[00:32:53] [Server thread/INFO]: Saving players
[00:32:53] [Server thread/INFO]: Saving worlds
[00:32:53] [Server thread/INFO]: Saving chunks for level 'world'/minecraft:overworld
[00:32:53] [Server thread/INFO]: ThreadedAnvilChunkStorage (world): All chunks are saved
[00:32:53] [Server thread/INFO]: Saving chunks for level 'world'/minecraft:the_nether
[00:32:53] [Server thread/INFO]: ThreadedAnvilChunkStorage (DIM-1): All chunks are saved
[00:32:53] [Server thread/INFO]: Saving chunks for level 'world'/minecraft:the_end
[00:32:53] [Server thread/INFO]: ThreadedAnvilChunkStorage (DIM1): All chunks are saved
[00:32:53] [Server thread/INFO]: ThreadedAnvilChunkStorage (world): All chunks are saved
[00:32:54] [Server thread/INFO]: ThreadedAnvilChunkStorage (DIM-1): All chunks are saved
[00:32:54] [Server thread/INFO]: ThreadedAnvilChunkStorage (DIM1): All chunks are saved
